{"name": "Test adjust position", "status": "broken", "statusDetails": {"message": "selenium.common.exceptions.TimeoutException: Message: None is not clickable\nStacktrace:\n0   chromedriver                        0x000000010542e654 cxxbridge1$str$ptr + 2723108\n1   chromedriver                        0x00000001054268c8 cxxbridge1$str$ptr + 2690968\n2   chromedriver                        0x0000000104f7a714 cxxbridge1$string$len + 90428\n3   chromedriver                        0x0000000104fc17c0 cxxbridge1$string$len + 381416\n4   chromedriver                        0x0000000105002de8 cxxbridge1$string$len + 649232\n5   chromedriver                        0x0000000104fb59c8 cxxbridge1$string$len + 332784\n6   chromedriver                        0x00000001053f2278 cxxbridge1$str$ptr + 2476360\n7   chromedriver                        0x00000001053f550c cxxbridge1$str$ptr + 2489308\n8   chromedriver                        0x00000001053d3a64 cxxbridge1$str$ptr + 2351412\n9   chromedriver                        0x00000001053f5d94 cxxbridge1$str$ptr + 2491492\n10  chromedriver                        0x00000001053c4d58 cxxbridge1$str$ptr + 2290728\n11  chromedriver                        0x0000000105415d60 cxxbridge1$str$ptr + 2622512\n12  chromedriver                        0x0000000105415eec cxxbridge1$str$ptr + 2622908\n13  chromedriver                        0x0000000105426514 cxxbridge1$str$ptr + 2690020\n14  libsystem_pthread.dylib             0x00000001805bec0c _pthread_start + 136\n15  libsystem_pthread.dylib             0x00000001805b9b80 thread_start + 8", "trace": "self = <test_exe.TestExe object at 0x102e11950>\n\n    @allure.title(\"Test adjust position\")\n    def test_open_and_adjust_position(self):\n        self.login_page().open()\n        self.login_page().login()\n        self.menu().settings.open_setting_market()\n        self.markers_pages().open_action_position_by_name(\"pagoda\")\n>       self.markers_pages().positions.open_adjust()\n\ntests/test_exe.py:48: \n_ _ _ _ _ _ _ _ _ _ _ _ _ _ _ _ _ _ _ _ _ _ _ _ _ _ _ _ _ _ _ _ _ _ _ _ _ _ _ _ _ _ _ _ _ _ _ _ _ _ _ _ _ _ _ _ _ _ _ _ _ _ _ _ _ _ _ _ _ _ _ _ _ _ _ _ _ _ _ _ _ _ _ _ _ _ _ _ \npages/markers_page/components/positions/positions.py:77: in open_adjust\n    self.ui_helper.click(self._ADJUST_BUTTON_LOCATOR)\nhelpers/ui_helper.py:62: in click\n    self.wait.until(self.EC.element_to_be_clickable(locator), message=f\"{element_name} is not clickable\").click()\n_ _ _ _ _ _ _ _ _ _ _ _ _ _ _ _ _ _ _ _ _ _ _ _ _ _ _ _ _ _ _ _ _ _ _ _ _ _ _ _ _ _ _ _ _ _ _ _ _ _ _ _ _ _ _ _ _ _ _ _ _ _ _ _ _ _ _ _ _ _ _ _ _ _ _ _ _ _ _ _ _ _ _ _ _ _ _ _ \n\nself = <selenium.webdriver.support.wait.WebDriverWait (session=\"f7f85a4fd670f244bd88e986ed9b4a41\")>\nmethod = <function element_to_be_clickable.<locals>._predicate at 0x102ea5b20>, message = 'None is not clickable'\n\n    def until(self, method: Callable[[D], Union[Literal[False], T]], message: str = \"\") -> T:\n        \"\"\"Wait until the method returns a value that is not False.\n    \n        Calls the method provided with the driver as an argument until the\n        return value does not evaluate to ``False``.\n    \n        Parameters:\n        -----------\n        method: callable(WebDriver)\n            - A callable object that takes a WebDriver instance as an argument.\n    \n        message: str\n            - Optional message for :exc:`TimeoutException`\n    \n        Return:\n        -------\n        object: T\n            - The result of the last call to `method`\n    \n        Raises:\n        -------\n        TimeoutException\n            - If 'method' does not return a truthy value within the WebDriverWait\n            object's timeout\n    \n        Example:\n        --------\n        >>> from selenium.webdriver.common.by import By\n        >>> from selenium.webdriver.support.ui import WebDriverWait\n        >>> from selenium.webdriver.support import expected_conditions as EC\n    \n        # Wait until an element is visible on the page\n        >>> wait = WebDriverWait(driver, 10)\n        >>> element = wait.until(EC.visibility_of_element_located((By.ID, \"exampleId\")))\n        >>> print(element.text)\n        \"\"\"\n        screen = None\n        stacktrace = None\n    \n        end_time = time.monotonic() + self._timeout\n        while True:\n            try:\n                value = method(self._driver)\n                if value:\n                    return value\n            except self._ignored_exceptions as exc:\n                screen = getattr(exc, \"screen\", None)\n                stacktrace = getattr(exc, \"stacktrace\", None)\n            if time.monotonic() > end_time:\n                break\n            time.sleep(self._poll)\n>       raise TimeoutException(message, screen, stacktrace)\nE       selenium.common.exceptions.TimeoutException: Message: None is not clickable\nE       Stacktrace:\nE       0   chromedriver                        0x000000010542e654 cxxbridge1$str$ptr + 2723108\nE       1   chromedriver                        0x00000001054268c8 cxxbridge1$str$ptr + 2690968\nE       2   chromedriver                        0x0000000104f7a714 cxxbridge1$string$len + 90428\nE       3   chromedriver                        0x0000000104fc17c0 cxxbridge1$string$len + 381416\nE       4   chromedriver                        0x0000000105002de8 cxxbridge1$string$len + 649232\nE       5   chromedriver                        0x0000000104fb59c8 cxxbridge1$string$len + 332784\nE       6   chromedriver                        0x00000001053f2278 cxxbridge1$str$ptr + 2476360\nE       7   chromedriver                        0x00000001053f550c cxxbridge1$str$ptr + 2489308\nE       8   chromedriver                        0x00000001053d3a64 cxxbridge1$str$ptr + 2351412\nE       9   chromedriver                        0x00000001053f5d94 cxxbridge1$str$ptr + 2491492\nE       10  chromedriver                        0x00000001053c4d58 cxxbridge1$str$ptr + 2290728\nE       11  chromedriver                        0x0000000105415d60 cxxbridge1$str$ptr + 2622512\nE       12  chromedriver                        0x0000000105415eec cxxbridge1$str$ptr + 2622908\nE       13  chromedriver                        0x0000000105426514 cxxbridge1$str$ptr + 2690020\nE       14  libsystem_pthread.dylib             0x00000001805bec0c _pthread_start + 136\nE       15  libsystem_pthread.dylib             0x00000001805b9b80 thread_start + 8\n\n.venv/lib/python3.13/site-packages/selenium/webdriver/support/wait.py:146: TimeoutException"}, "steps": [{"name": "Step", "status": "passed", "parameters": [{"name": "name", "value": "'pagoda'"}], "start": 1749510010294, "stop": 1749510011416}], "start": 1749510006756, "stop": 1749510026603, "uuid": "6b9f6bbc-3715-48dc-9a64-1cf7f68da42c", "historyId": "36e9e6dea728ecd40c2e9e7f3372b7f1", "testCaseId": "36e9e6dea728ecd40c2e9e7f3372b7f1", "fullName": "tests.test_exe.TestExe#test_open_and_adjust_position", "labels": [{"name": "epic", "value": "Test tp"}, {"name": "parentSuite", "value": "tests"}, {"name": "suite", "value": "test_exe"}, {"name": "subSuite", "value": "TestExe"}, {"name": "host", "value": "Nikkis-MacBook-Air.local"}, {"name": "thread", "value": "85576-MainThread"}, {"name": "framework", "value": "pytest"}, {"name": "language", "value": "cpython3"}, {"name": "package", "value": "tests.test_exe"}]}