{"name": "Test for change name", "status": "broken", "statusDetails": {"message": "selenium.common.exceptions.NoSuchElementException: Message: no such element: Unable to locate element: {\"method\":\"xpath\",\"selector\":\"//textarea[@id='ConnectionString']\"}\n  (Session info: chrome=137.0.7151.68); For documentation on this error, please visit: https://www.selenium.dev/documentation/webdriver/troubleshooting/errors#no-such-element-exception\nStacktrace:\n#0 0xaaaab31fe934 <unknown>\n#1 0xaaaab2cf64f4 <unknown>\n#2 0xaaaab2d37624 <unknown>\n#3 0xaaaab2d77b14 <unknown>\n#4 0xaaaab2d2d1cc <unknown>\n#5 0xaaaab31cb2a0 <unknown>\n#6 0xaaaab31ce2a8 <unknown>\n#7 0xaaaab31cde98 <unknown>\n#8 0xaaaab31b6250 <unknown>\n#9 0xaaaab31ce8ec <unknown>\n#10 0xaaaab31a00ac <unknown>\n#11 0xaaaab31ecd80 <unknown>\n#12 0xaaaab31ecf64 <unknown>\n#13 0xaaaab31fda8c <unknown>\n#14 0xffffb1acee9c <unknown>\n#15 0xffffb1b37b18 <unknown>", "trace": "self = <test_exe.TestExe object at 0xffff88315cd0>\n\n    @allure.title(\"Test for change name\")\n    def test_create_marker_and_change_name_marker(self):\n        self.login_page().open()\n        self.login_page().login()\n        self.menu().settings.open_setting_market()\n        self.markers_pages().open_create()\n        self.markers_pages().create.choose_enable()\n        self.markers_pages().create.fill_name(\"berlin\")\n        self.markers_pages().create.fill_configuration(\"babu\")\n        self.markers_pages().create.fill_market_type(\"Fortex\")\n        self.markers_pages().create.choose_save_to_csv_file()\n        self.markers_pages().create.choose_save_to_log_file()\n        self.markers_pages().create.click_create()\n        self.markers_pages().refresh_page()\n        self.markers_pages().find_row_by_username(\"berlin\")\n        self.markers_pages().click_edit_row_by_username(\"berlin\")\n>       self.markers_pages().edit.fill_configuration(\"OneZero\")\n\ntests/test_exe.py:29: \n_ _ _ _ _ _ _ _ _ _ _ _ _ _ _ _ _ _ _ _ _ _ _ _ _ _ _ _ _ _ _ _ _ _ _ _ _ _ _ _ \npages/markers_page/components/edit.py:33: in fill_configuration\n    self.ui_helper.fill(self._TEXT_AREA_LOCATOR, text, clear=True)\nhelpers/ui_helper.py:47: in fill\n    element = self.find(locator, wait = False)\nhelpers/ui_helper.py:29: in find\n    return self.driver.find_element(*locator)\n../local/lib/python3.11/site-packages/selenium/webdriver/remote/webdriver.py:917: in find_element\n    return self.execute(Command.FIND_ELEMENT, {\"using\": by, \"value\": value})[\"value\"]\n../local/lib/python3.11/site-packages/selenium/webdriver/remote/webdriver.py:448: in execute\n    self.error_handler.check_response(response)\n_ _ _ _ _ _ _ _ _ _ _ _ _ _ _ _ _ _ _ _ _ _ _ _ _ _ _ _ _ _ _ _ _ _ _ _ _ _ _ _ \n\nself = <selenium.webdriver.remote.errorhandler.ErrorHandler object at 0xffff882536d0>\nresponse = {'status': 404, 'value': '{\"value\":{\"error\":\"no such element\",\"message\":\"no such element: Unable to locate element: {\\...\\\\n#13 0xaaaab31fda8c \\\\u003Cunknown>\\\\n#14 0xffffb1acee9c \\\\u003Cunknown>\\\\n#15 0xffffb1b37b18 \\\\u003Cunknown>\\\\n\"}}'}\n\n    def check_response(self, response: Dict[str, Any]) -> None:\n        \"\"\"Checks that a JSON response from the WebDriver does not have an\n        error.\n    \n        :Args:\n         - response - The JSON response from the WebDriver server as a dictionary\n           object.\n    \n        :Raises: If the response contains an error message.\n        \"\"\"\n        status = response.get(\"status\", None)\n        if not status or status == ErrorCode.SUCCESS:\n            return\n        value = None\n        message = response.get(\"message\", \"\")\n        screen: str = response.get(\"screen\", \"\")\n        stacktrace = None\n        if isinstance(status, int):\n            value_json = response.get(\"value\", None)\n            if value_json and isinstance(value_json, str):\n                import json\n    \n                try:\n                    value = json.loads(value_json)\n                    if len(value) == 1:\n                        value = value[\"value\"]\n                    status = value.get(\"error\", None)\n                    if not status:\n                        status = value.get(\"status\", ErrorCode.UNKNOWN_ERROR)\n                        message = value.get(\"value\") or value.get(\"message\")\n                        if not isinstance(message, str):\n                            value = message\n                            message = message.get(\"message\")\n                    else:\n                        message = value.get(\"message\", None)\n                except ValueError:\n                    pass\n    \n        exception_class: Type[WebDriverException]\n        e = ErrorCode()\n        error_codes = [item for item in dir(e) if not item.startswith(\"__\")]\n        for error_code in error_codes:\n            error_info = getattr(ErrorCode, error_code)\n            if isinstance(error_info, list) and status in error_info:\n                exception_class = getattr(ExceptionMapping, error_code, WebDriverException)\n                break\n        else:\n            exception_class = WebDriverException\n    \n        if not value:\n            value = response[\"value\"]\n        if isinstance(value, str):\n            raise exception_class(value)\n        if message == \"\" and \"message\" in value:\n            message = value[\"message\"]\n    \n        screen = None  # type: ignore[assignment]\n        if \"screen\" in value:\n            screen = value[\"screen\"]\n    \n        stacktrace = None\n        st_value = value.get(\"stackTrace\") or value.get(\"stacktrace\")\n        if st_value:\n            if isinstance(st_value, str):\n                stacktrace = st_value.split(\"\\n\")\n            else:\n                stacktrace = []\n                try:\n                    for frame in st_value:\n                        line = frame.get(\"lineNumber\", \"\")\n                        file = frame.get(\"fileName\", \"<anonymous>\")\n                        if line:\n                            file = f\"{file}:{line}\"\n                        meth = frame.get(\"methodName\", \"<anonymous>\")\n                        if \"className\" in frame:\n                            meth = f\"{frame['className']}.{meth}\"\n                        msg = \"    at %s (%s)\"\n                        msg = msg % (meth, file)\n                        stacktrace.append(msg)\n                except TypeError:\n                    pass\n        if exception_class == UnexpectedAlertPresentException:\n            alert_text = None\n            if \"data\" in value:\n                alert_text = value[\"data\"].get(\"text\")\n            elif \"alert\" in value:\n                alert_text = value[\"alert\"].get(\"text\")\n            raise exception_class(message, screen, stacktrace, alert_text)  # type: ignore[call-arg]  # mypy is not smart enough here\n>       raise exception_class(message, screen, stacktrace)\nE       selenium.common.exceptions.NoSuchElementException: Message: no such element: Unable to locate element: {\"method\":\"xpath\",\"selector\":\"//textarea[@id='ConnectionString']\"}\nE         (Session info: chrome=137.0.7151.68); For documentation on this error, please visit: https://www.selenium.dev/documentation/webdriver/troubleshooting/errors#no-such-element-exception\nE       Stacktrace:\nE       #0 0xaaaab31fe934 <unknown>\nE       #1 0xaaaab2cf64f4 <unknown>\nE       #2 0xaaaab2d37624 <unknown>\nE       #3 0xaaaab2d77b14 <unknown>\nE       #4 0xaaaab2d2d1cc <unknown>\nE       #5 0xaaaab31cb2a0 <unknown>\nE       #6 0xaaaab31ce2a8 <unknown>\nE       #7 0xaaaab31cde98 <unknown>\nE       #8 0xaaaab31b6250 <unknown>\nE       #9 0xaaaab31ce8ec <unknown>\nE       #10 0xaaaab31a00ac <unknown>\nE       #11 0xaaaab31ecd80 <unknown>\nE       #12 0xaaaab31ecf64 <unknown>\nE       #13 0xaaaab31fda8c <unknown>\nE       #14 0xffffb1acee9c <unknown>\nE       #15 0xffffb1b37b18 <unknown>\n\n../local/lib/python3.11/site-packages/selenium/webdriver/remote/errorhandler.py:232: NoSuchElementException"}, "start": 1749521350910, "stop": 1749521358235, "uuid": "20e4f076-20a1-46ac-9dc7-f9cc2e928686", "historyId": "f8de49c9b1fe105f7b7d48335c053509", "testCaseId": "f8de49c9b1fe105f7b7d48335c053509", "fullName": "tests.test_exe.TestExe#test_create_marker_and_change_name_marker", "labels": [{"name": "parentSuite", "value": "tests"}, {"name": "suite", "value": "test_exe"}, {"name": "subSuite", "value": "TestExe"}, {"name": "host", "value": "620ead09c812"}, {"name": "thread", "value": "9-MainThread"}, {"name": "framework", "value": "pytest"}, {"name": "language", "value": "cpython3"}, {"name": "package", "value": "tests.test_exe"}]}