{"name": "Test adjust position", "status": "broken", "statusDetails": {"message": "selenium.common.exceptions.TimeoutException: Message: None is not clickable\nStacktrace:\n#0 0xaaaadef7e934 <unknown>\n#1 0xaaaadea764f4 <unknown>\n#2 0xaaaadeab7624 <unknown>\n#3 0xaaaadeaf7b14 <unknown>\n#4 0xaaaadeaad1cc <unknown>\n#5 0xaaaadef4b2a0 <unknown>\n#6 0xaaaadef4e2a8 <unknown>\n#7 0xaaaadef4de98 <unknown>\n#8 0xaaaadef36250 <unknown>\n#9 0xaaaadef4e8ec <unknown>\n#10 0xaaaadef200ac <unknown>\n#11 0xaaaadef6cd80 <unknown>\n#12 0xaaaadef6cf64 <unknown>\n#13 0xaaaadef7da8c <unknown>\n#14 0xffff8b2cee9c <unknown>\n#15 0xffff8b337b18 <unknown>", "trace": "self = <test_exe.TestExe object at 0xffff96398250>\n\n    @allure.title(\"Test adjust position\")\n    def test_open_and_adjust_position(self):\n        self.login_page().open()\n        self.login_page().login()\n        self.menu().settings.open_setting_market()\n        self.markers_pages().open_action_position_by_name(\"pagoda\")\n>       self.markers_pages().positions.open_adjust()\n\ntests/test_exe.py:48: \n_ _ _ _ _ _ _ _ _ _ _ _ _ _ _ _ _ _ _ _ _ _ _ _ _ _ _ _ _ _ _ _ _ _ _ _ _ _ _ _ \npages/markers_page/components/positions/positions.py:77: in open_adjust\n    self.ui_helper.click(self._ADJUST_BUTTON_LOCATOR)\nhelpers/ui_helper.py:62: in click\n    self.wait.until(self.EC.element_to_be_clickable(locator), message=f\"{element_name} is not clickable\").click()\n_ _ _ _ _ _ _ _ _ _ _ _ _ _ _ _ _ _ _ _ _ _ _ _ _ _ _ _ _ _ _ _ _ _ _ _ _ _ _ _ \n\nself = <selenium.webdriver.support.wait.WebDriverWait (session=\"2fd0190e1559a07379b7702898179b12\")>\nmethod = <function element_to_be_clickable.<locals>._predicate at 0xffff96389940>\nmessage = 'None is not clickable'\n\n    def until(self, method: Callable[[D], Union[Literal[False], T]], message: str = \"\") -> T:\n        \"\"\"Wait until the method returns a value that is not False.\n    \n        Calls the method provided with the driver as an argument until the\n        return value does not evaluate to ``False``.\n    \n        Parameters:\n        -----------\n        method: callable(WebDriver)\n            - A callable object that takes a WebDriver instance as an argument.\n    \n        message: str\n            - Optional message for :exc:`TimeoutException`\n    \n        Return:\n        -------\n        object: T\n            - The result of the last call to `method`\n    \n        Raises:\n        -------\n        TimeoutException\n            - If 'method' does not return a truthy value within the WebDriverWait\n            object's timeout\n    \n        Example:\n        --------\n        >>> from selenium.webdriver.common.by import By\n        >>> from selenium.webdriver.support.ui import WebDriverWait\n        >>> from selenium.webdriver.support import expected_conditions as EC\n    \n        # Wait until an element is visible on the page\n        >>> wait = WebDriverWait(driver, 10)\n        >>> element = wait.until(EC.visibility_of_element_located((By.ID, \"exampleId\")))\n        >>> print(element.text)\n        \"\"\"\n        screen = None\n        stacktrace = None\n    \n        end_time = time.monotonic() + self._timeout\n        while True:\n            try:\n                value = method(self._driver)\n                if value:\n                    return value\n            except self._ignored_exceptions as exc:\n                screen = getattr(exc, \"screen\", None)\n                stacktrace = getattr(exc, \"stacktrace\", None)\n            if time.monotonic() > end_time:\n                break\n            time.sleep(self._poll)\n>       raise TimeoutException(message, screen, stacktrace)\nE       selenium.common.exceptions.TimeoutException: Message: None is not clickable\nE       Stacktrace:\nE       #0 0xaaaadef7e934 <unknown>\nE       #1 0xaaaadea764f4 <unknown>\nE       #2 0xaaaadeab7624 <unknown>\nE       #3 0xaaaadeaf7b14 <unknown>\nE       #4 0xaaaadeaad1cc <unknown>\nE       #5 0xaaaadef4b2a0 <unknown>\nE       #6 0xaaaadef4e2a8 <unknown>\nE       #7 0xaaaadef4de98 <unknown>\nE       #8 0xaaaadef36250 <unknown>\nE       #9 0xaaaadef4e8ec <unknown>\nE       #10 0xaaaadef200ac <unknown>\nE       #11 0xaaaadef6cd80 <unknown>\nE       #12 0xaaaadef6cf64 <unknown>\nE       #13 0xaaaadef7da8c <unknown>\nE       #14 0xffff8b2cee9c <unknown>\nE       #15 0xffff8b337b18 <unknown>\n\n../local/lib/python3.11/site-packages/selenium/webdriver/support/wait.py:146: TimeoutException"}, "steps": [{"name": "Step", "status": "passed", "parameters": [{"name": "name", "value": "'pagoda'"}], "start": 1749508884601, "stop": 1749508885759}], "start": 1749508881170, "stop": 1749508901069, "uuid": "cd114599-f7be-4f63-ba58-32fb639ffa35", "historyId": "36e9e6dea728ecd40c2e9e7f3372b7f1", "testCaseId": "36e9e6dea728ecd40c2e9e7f3372b7f1", "fullName": "tests.test_exe.TestExe#test_open_and_adjust_position", "labels": [{"name": "epic", "value": "Test tp"}, {"name": "parentSuite", "value": "tests"}, {"name": "suite", "value": "test_exe"}, {"name": "subSuite", "value": "TestExe"}, {"name": "host", "value": "3cc64f6f161d"}, {"name": "thread", "value": "9-MainThread"}, {"name": "framework", "value": "pytest"}, {"name": "language", "value": "cpython3"}, {"name": "package", "value": "tests.test_exe"}]}