{
  "uid" : "775f118fcbf08895",
  "name" : "Test adjust",
  "fullName" : "tests.test_exe.TestExe#test_open_and_adjust_position",
  "historyId" : "36e9e6dea728ecd40c2e9e7f3372b7f1",
  "time" : {
    "start" : 1749634125186,
    "stop" : 1749634145685,
    "duration" : 20499
  },
  "status" : "broken",
  "statusMessage" : "selenium.common.exceptions.StaleElementReferenceException: Message: stale element reference: stale element not found in the current frame\n  (Session info: chrome=137.0.7151.68); For documentation on this error, please visit: https://www.selenium.dev/documentation/webdriver/troubleshooting/errors#stale-element-reference-exception\nStacktrace:\n#0 0x55a960bfdd9e <unknown>\n#1 0x55a96069cfab <unknown>\n#2 0x55a9606a4439 <unknown>\n#3 0x55a9606a62bb <unknown>\n#4 0x55a9606a6381 <unknown>\n#5 0x55a9606e2066 <unknown>\n#6 0x55a9607114d2 <unknown>\n#7 0x55a9606dcdae <unknown>\n#8 0x55a9607116de <unknown>\n#9 0x55a960732915 <unknown>\n#10 0x55a960711283 <unknown>\n#11 0x55a9606db0c9 <unknown>\n#12 0x55a9606dbe78 <unknown>\n#13 0x55a960bc9f5a <unknown>\n#14 0x55a960bcd3ae <unknown>\n#15 0x55a960bcce58 <unknown>\n#16 0x55a960bcd845 <unknown>\n#17 0x55a960bb338b <unknown>\n#18 0x55a960bcdbb0 <unknown>\n#19 0x55a960b9c339 <unknown>\n#20 0x55a960bec8b5 <unknown>\n#21 0x55a960beca9b <unknown>\n#22 0x55a960bfcf15 <unknown>\n#23 0x7f90d0a001f5 <unknown>",
  "statusTrace" : "self = <test_exe.TestExe object at 0x7f58ff4299d0>\n\n    @allure.title(\"Test adjust\")\n    def test_open_and_adjust_position(self):\n        self.login_page().open()\n        self.login_page().login()\n        self.menu().settings.open_setting_market()\n        self.markers_pages().open_create()\n        self.markers_pages().create.choose_enable()\n        self.markers_pages().create.fill_name(\"pogoda\")\n        self.markers_pages().create.fill_configuration(\"babu\")\n        self.markers_pages().create.fill_market_type(\"Fortex\")\n        self.markers_pages().create.choose_save_to_csv_file()\n        self.markers_pages().create.choose_save_to_log_file()\n        self.markers_pages().create.click_create()\n        self.markers_pages().refresh_page()\n        self.markers_pages().find_row_by_username(\"pogoda\")\n        self.markers_pages().open_action_position_by_name(\"pogoda\")\n        self.markers_pages().positions.open_adjust()\n>       self.markers_pages().positions.adjust.fill_symbol(\"EUR/USD$\")\n\ntests/test_exe.py:58: \n_ _ _ _ _ _ _ _ _ _ _ _ _ _ _ _ _ _ _ _ _ _ _ _ _ _ _ _ _ _ _ _ _ _ _ _ _ _ _ _ \npages/markers_page/components/positions/components/adjust.py:25: in fill_symbol\n    if market_type in element.text:\n../local/lib/python3.11/site-packages/selenium/webdriver/remote/webelement.py:109: in text\n    return self._execute(Command.GET_ELEMENT_TEXT)[\"value\"]\n../local/lib/python3.11/site-packages/selenium/webdriver/remote/webelement.py:572: in _execute\n    return self._parent.execute(command, params)\n../local/lib/python3.11/site-packages/selenium/webdriver/remote/webdriver.py:448: in execute\n    self.error_handler.check_response(response)\n_ _ _ _ _ _ _ _ _ _ _ _ _ _ _ _ _ _ _ _ _ _ _ _ _ _ _ _ _ _ _ _ _ _ _ _ _ _ _ _ \n\nself = <selenium.webdriver.remote.errorhandler.ErrorHandler object at 0x7f58ff456e50>\nresponse = {'status': 404, 'value': '{\"value\":{\"error\":\"stale element reference\",\"message\":\"stale element reference: stale elemen...\\\\n#21 0x55a960beca9b \\\\u003Cunknown>\\\\n#22 0x55a960bfcf15 \\\\u003Cunknown>\\\\n#23 0x7f90d0a001f5 \\\\u003Cunknown>\\\\n\"}}'}\n\n    def check_response(self, response: Dict[str, Any]) -> None:\n        \"\"\"Checks that a JSON response from the WebDriver does not have an\n        error.\n    \n        :Args:\n         - response - The JSON response from the WebDriver server as a dictionary\n           object.\n    \n        :Raises: If the response contains an error message.\n        \"\"\"\n        status = response.get(\"status\", None)\n        if not status or status == ErrorCode.SUCCESS:\n            return\n        value = None\n        message = response.get(\"message\", \"\")\n        screen: str = response.get(\"screen\", \"\")\n        stacktrace = None\n        if isinstance(status, int):\n            value_json = response.get(\"value\", None)\n            if value_json and isinstance(value_json, str):\n                import json\n    \n                try:\n                    value = json.loads(value_json)\n                    if len(value) == 1:\n                        value = value[\"value\"]\n                    status = value.get(\"error\", None)\n                    if not status:\n                        status = value.get(\"status\", ErrorCode.UNKNOWN_ERROR)\n                        message = value.get(\"value\") or value.get(\"message\")\n                        if not isinstance(message, str):\n                            value = message\n                            message = message.get(\"message\")\n                    else:\n                        message = value.get(\"message\", None)\n                except ValueError:\n                    pass\n    \n        exception_class: Type[WebDriverException]\n        e = ErrorCode()\n        error_codes = [item for item in dir(e) if not item.startswith(\"__\")]\n        for error_code in error_codes:\n            error_info = getattr(ErrorCode, error_code)\n            if isinstance(error_info, list) and status in error_info:\n                exception_class = getattr(ExceptionMapping, error_code, WebDriverException)\n                break\n        else:\n            exception_class = WebDriverException\n    \n        if not value:\n            value = response[\"value\"]\n        if isinstance(value, str):\n            raise exception_class(value)\n        if message == \"\" and \"message\" in value:\n            message = value[\"message\"]\n    \n        screen = None  # type: ignore[assignment]\n        if \"screen\" in value:\n            screen = value[\"screen\"]\n    \n        stacktrace = None\n        st_value = value.get(\"stackTrace\") or value.get(\"stacktrace\")\n        if st_value:\n            if isinstance(st_value, str):\n                stacktrace = st_value.split(\"\\n\")\n            else:\n                stacktrace = []\n                try:\n                    for frame in st_value:\n                        line = frame.get(\"lineNumber\", \"\")\n                        file = frame.get(\"fileName\", \"<anonymous>\")\n                        if line:\n                            file = f\"{file}:{line}\"\n                        meth = frame.get(\"methodName\", \"<anonymous>\")\n                        if \"className\" in frame:\n                            meth = f\"{frame['className']}.{meth}\"\n                        msg = \"    at %s (%s)\"\n                        msg = msg % (meth, file)\n                        stacktrace.append(msg)\n                except TypeError:\n                    pass\n        if exception_class == UnexpectedAlertPresentException:\n            alert_text = None\n            if \"data\" in value:\n                alert_text = value[\"data\"].get(\"text\")\n            elif \"alert\" in value:\n                alert_text = value[\"alert\"].get(\"text\")\n            raise exception_class(message, screen, stacktrace, alert_text)  # type: ignore[call-arg]  # mypy is not smart enough here\n>       raise exception_class(message, screen, stacktrace)\nE       selenium.common.exceptions.StaleElementReferenceException: Message: stale element reference: stale element not found in the current frame\nE         (Session info: chrome=137.0.7151.68); For documentation on this error, please visit: https://www.selenium.dev/documentation/webdriver/troubleshooting/errors#stale-element-reference-exception\nE       Stacktrace:\nE       #0 0x55a960bfdd9e <unknown>\nE       #1 0x55a96069cfab <unknown>\nE       #2 0x55a9606a4439 <unknown>\nE       #3 0x55a9606a62bb <unknown>\nE       #4 0x55a9606a6381 <unknown>\nE       #5 0x55a9606e2066 <unknown>\nE       #6 0x55a9607114d2 <unknown>\nE       #7 0x55a9606dcdae <unknown>\nE       #8 0x55a9607116de <unknown>\nE       #9 0x55a960732915 <unknown>\nE       #10 0x55a960711283 <unknown>\nE       #11 0x55a9606db0c9 <unknown>\nE       #12 0x55a9606dbe78 <unknown>\nE       #13 0x55a960bc9f5a <unknown>\nE       #14 0x55a960bcd3ae <unknown>\nE       #15 0x55a960bcce58 <unknown>\nE       #16 0x55a960bcd845 <unknown>\nE       #17 0x55a960bb338b <unknown>\nE       #18 0x55a960bcdbb0 <unknown>\nE       #19 0x55a960b9c339 <unknown>\nE       #20 0x55a960bec8b5 <unknown>\nE       #21 0x55a960beca9b <unknown>\nE       #22 0x55a960bfcf15 <unknown>\nE       #23 0x7f90d0a001f5 <unknown>\n\n../local/lib/python3.11/site-packages/selenium/webdriver/remote/errorhandler.py:232: StaleElementReferenceException",
  "flaky" : false,
  "newFailed" : false,
  "beforeStages" : [ {
    "name" : "driver",
    "time" : {
      "start" : 1749634123106,
      "stop" : 1749634125185,
      "duration" : 2079
    },
    "status" : "passed",
    "steps" : [ ],
    "attachments" : [ ],
    "parameters" : [ ],
    "stepsCount" : 0,
    "attachmentsCount" : 0,
    "shouldDisplayMessage" : false,
    "hasContent" : false
  }, {
    "name" : "_session_faker",
    "time" : {
      "start" : 1749634123024,
      "stop" : 1749634123106,
      "duration" : 82
    },
    "status" : "passed",
    "steps" : [ ],
    "attachments" : [ ],
    "parameters" : [ ],
    "stepsCount" : 0,
    "attachmentsCount" : 0,
    "shouldDisplayMessage" : false,
    "hasContent" : false
  }, {
    "name" : "_xunit_setup_method_fixture_TestExe",
    "time" : {
      "start" : 1749634125185,
      "stop" : 1749634125185,
      "duration" : 0
    },
    "status" : "passed",
    "steps" : [ ],
    "attachments" : [ ],
    "parameters" : [ ],
    "stepsCount" : 0,
    "attachmentsCount" : 0,
    "shouldDisplayMessage" : false,
    "hasContent" : false
  } ],
  "testStage" : {
    "status" : "broken",
    "statusMessage" : "selenium.common.exceptions.StaleElementReferenceException: Message: stale element reference: stale element not found in the current frame\n  (Session info: chrome=137.0.7151.68); For documentation on this error, please visit: https://www.selenium.dev/documentation/webdriver/troubleshooting/errors#stale-element-reference-exception\nStacktrace:\n#0 0x55a960bfdd9e <unknown>\n#1 0x55a96069cfab <unknown>\n#2 0x55a9606a4439 <unknown>\n#3 0x55a9606a62bb <unknown>\n#4 0x55a9606a6381 <unknown>\n#5 0x55a9606e2066 <unknown>\n#6 0x55a9607114d2 <unknown>\n#7 0x55a9606dcdae <unknown>\n#8 0x55a9607116de <unknown>\n#9 0x55a960732915 <unknown>\n#10 0x55a960711283 <unknown>\n#11 0x55a9606db0c9 <unknown>\n#12 0x55a9606dbe78 <unknown>\n#13 0x55a960bc9f5a <unknown>\n#14 0x55a960bcd3ae <unknown>\n#15 0x55a960bcce58 <unknown>\n#16 0x55a960bcd845 <unknown>\n#17 0x55a960bb338b <unknown>\n#18 0x55a960bcdbb0 <unknown>\n#19 0x55a960b9c339 <unknown>\n#20 0x55a960bec8b5 <unknown>\n#21 0x55a960beca9b <unknown>\n#22 0x55a960bfcf15 <unknown>\n#23 0x7f90d0a001f5 <unknown>",
    "statusTrace" : "self = <test_exe.TestExe object at 0x7f58ff4299d0>\n\n    @allure.title(\"Test adjust\")\n    def test_open_and_adjust_position(self):\n        self.login_page().open()\n        self.login_page().login()\n        self.menu().settings.open_setting_market()\n        self.markers_pages().open_create()\n        self.markers_pages().create.choose_enable()\n        self.markers_pages().create.fill_name(\"pogoda\")\n        self.markers_pages().create.fill_configuration(\"babu\")\n        self.markers_pages().create.fill_market_type(\"Fortex\")\n        self.markers_pages().create.choose_save_to_csv_file()\n        self.markers_pages().create.choose_save_to_log_file()\n        self.markers_pages().create.click_create()\n        self.markers_pages().refresh_page()\n        self.markers_pages().find_row_by_username(\"pogoda\")\n        self.markers_pages().open_action_position_by_name(\"pogoda\")\n        self.markers_pages().positions.open_adjust()\n>       self.markers_pages().positions.adjust.fill_symbol(\"EUR/USD$\")\n\ntests/test_exe.py:58: \n_ _ _ _ _ _ _ _ _ _ _ _ _ _ _ _ _ _ _ _ _ _ _ _ _ _ _ _ _ _ _ _ _ _ _ _ _ _ _ _ \npages/markers_page/components/positions/components/adjust.py:25: in fill_symbol\n    if market_type in element.text:\n../local/lib/python3.11/site-packages/selenium/webdriver/remote/webelement.py:109: in text\n    return self._execute(Command.GET_ELEMENT_TEXT)[\"value\"]\n../local/lib/python3.11/site-packages/selenium/webdriver/remote/webelement.py:572: in _execute\n    return self._parent.execute(command, params)\n../local/lib/python3.11/site-packages/selenium/webdriver/remote/webdriver.py:448: in execute\n    self.error_handler.check_response(response)\n_ _ _ _ _ _ _ _ _ _ _ _ _ _ _ _ _ _ _ _ _ _ _ _ _ _ _ _ _ _ _ _ _ _ _ _ _ _ _ _ \n\nself = <selenium.webdriver.remote.errorhandler.ErrorHandler object at 0x7f58ff456e50>\nresponse = {'status': 404, 'value': '{\"value\":{\"error\":\"stale element reference\",\"message\":\"stale element reference: stale elemen...\\\\n#21 0x55a960beca9b \\\\u003Cunknown>\\\\n#22 0x55a960bfcf15 \\\\u003Cunknown>\\\\n#23 0x7f90d0a001f5 \\\\u003Cunknown>\\\\n\"}}'}\n\n    def check_response(self, response: Dict[str, Any]) -> None:\n        \"\"\"Checks that a JSON response from the WebDriver does not have an\n        error.\n    \n        :Args:\n         - response - The JSON response from the WebDriver server as a dictionary\n           object.\n    \n        :Raises: If the response contains an error message.\n        \"\"\"\n        status = response.get(\"status\", None)\n        if not status or status == ErrorCode.SUCCESS:\n            return\n        value = None\n        message = response.get(\"message\", \"\")\n        screen: str = response.get(\"screen\", \"\")\n        stacktrace = None\n        if isinstance(status, int):\n            value_json = response.get(\"value\", None)\n            if value_json and isinstance(value_json, str):\n                import json\n    \n                try:\n                    value = json.loads(value_json)\n                    if len(value) == 1:\n                        value = value[\"value\"]\n                    status = value.get(\"error\", None)\n                    if not status:\n                        status = value.get(\"status\", ErrorCode.UNKNOWN_ERROR)\n                        message = value.get(\"value\") or value.get(\"message\")\n                        if not isinstance(message, str):\n                            value = message\n                            message = message.get(\"message\")\n                    else:\n                        message = value.get(\"message\", None)\n                except ValueError:\n                    pass\n    \n        exception_class: Type[WebDriverException]\n        e = ErrorCode()\n        error_codes = [item for item in dir(e) if not item.startswith(\"__\")]\n        for error_code in error_codes:\n            error_info = getattr(ErrorCode, error_code)\n            if isinstance(error_info, list) and status in error_info:\n                exception_class = getattr(ExceptionMapping, error_code, WebDriverException)\n                break\n        else:\n            exception_class = WebDriverException\n    \n        if not value:\n            value = response[\"value\"]\n        if isinstance(value, str):\n            raise exception_class(value)\n        if message == \"\" and \"message\" in value:\n            message = value[\"message\"]\n    \n        screen = None  # type: ignore[assignment]\n        if \"screen\" in value:\n            screen = value[\"screen\"]\n    \n        stacktrace = None\n        st_value = value.get(\"stackTrace\") or value.get(\"stacktrace\")\n        if st_value:\n            if isinstance(st_value, str):\n                stacktrace = st_value.split(\"\\n\")\n            else:\n                stacktrace = []\n                try:\n                    for frame in st_value:\n                        line = frame.get(\"lineNumber\", \"\")\n                        file = frame.get(\"fileName\", \"<anonymous>\")\n                        if line:\n                            file = f\"{file}:{line}\"\n                        meth = frame.get(\"methodName\", \"<anonymous>\")\n                        if \"className\" in frame:\n                            meth = f\"{frame['className']}.{meth}\"\n                        msg = \"    at %s (%s)\"\n                        msg = msg % (meth, file)\n                        stacktrace.append(msg)\n                except TypeError:\n                    pass\n        if exception_class == UnexpectedAlertPresentException:\n            alert_text = None\n            if \"data\" in value:\n                alert_text = value[\"data\"].get(\"text\")\n            elif \"alert\" in value:\n                alert_text = value[\"alert\"].get(\"text\")\n            raise exception_class(message, screen, stacktrace, alert_text)  # type: ignore[call-arg]  # mypy is not smart enough here\n>       raise exception_class(message, screen, stacktrace)\nE       selenium.common.exceptions.StaleElementReferenceException: Message: stale element reference: stale element not found in the current frame\nE         (Session info: chrome=137.0.7151.68); For documentation on this error, please visit: https://www.selenium.dev/documentation/webdriver/troubleshooting/errors#stale-element-reference-exception\nE       Stacktrace:\nE       #0 0x55a960bfdd9e <unknown>\nE       #1 0x55a96069cfab <unknown>\nE       #2 0x55a9606a4439 <unknown>\nE       #3 0x55a9606a62bb <unknown>\nE       #4 0x55a9606a6381 <unknown>\nE       #5 0x55a9606e2066 <unknown>\nE       #6 0x55a9607114d2 <unknown>\nE       #7 0x55a9606dcdae <unknown>\nE       #8 0x55a9607116de <unknown>\nE       #9 0x55a960732915 <unknown>\nE       #10 0x55a960711283 <unknown>\nE       #11 0x55a9606db0c9 <unknown>\nE       #12 0x55a9606dbe78 <unknown>\nE       #13 0x55a960bc9f5a <unknown>\nE       #14 0x55a960bcd3ae <unknown>\nE       #15 0x55a960bcce58 <unknown>\nE       #16 0x55a960bcd845 <unknown>\nE       #17 0x55a960bb338b <unknown>\nE       #18 0x55a960bcdbb0 <unknown>\nE       #19 0x55a960b9c339 <unknown>\nE       #20 0x55a960bec8b5 <unknown>\nE       #21 0x55a960beca9b <unknown>\nE       #22 0x55a960bfcf15 <unknown>\nE       #23 0x7f90d0a001f5 <unknown>\n\n../local/lib/python3.11/site-packages/selenium/webdriver/remote/errorhandler.py:232: StaleElementReferenceException",
    "steps" : [ {
      "name" : "Step",
      "time" : {
        "start" : 1749634141003,
        "stop" : 1749634142005,
        "duration" : 1002
      },
      "status" : "passed",
      "steps" : [ ],
      "attachments" : [ ],
      "parameters" : [ {
        "name" : "name",
        "value" : "'pogoda'"
      } ],
      "stepsCount" : 0,
      "attachmentsCount" : 0,
      "shouldDisplayMessage" : false,
      "hasContent" : true
    } ],
    "attachments" : [ {
      "uid" : "104e4793a82b5706",
      "name" : "1749634123.0027914",
      "source" : "104e4793a82b5706.png",
      "type" : "image/png",
      "size" : 86039
    } ],
    "parameters" : [ ],
    "stepsCount" : 1,
    "attachmentsCount" : 1,
    "shouldDisplayMessage" : true,
    "hasContent" : true
  },
  "afterStages" : [ {
    "name" : "driver::0",
    "time" : {
      "start" : 1749634145806,
      "stop" : 1749634145899,
      "duration" : 93
    },
    "status" : "passed",
    "steps" : [ ],
    "attachments" : [ ],
    "parameters" : [ ],
    "stepsCount" : 0,
    "attachmentsCount" : 0,
    "shouldDisplayMessage" : false,
    "hasContent" : false
  }, {
    "name" : "_xunit_setup_method_fixture_TestExe::0",
    "time" : {
      "start" : 1749634145805,
      "stop" : 1749634145805,
      "duration" : 0
    },
    "status" : "passed",
    "steps" : [ ],
    "attachments" : [ ],
    "parameters" : [ ],
    "stepsCount" : 0,
    "attachmentsCount" : 0,
    "shouldDisplayMessage" : false,
    "hasContent" : false
  } ],
  "labels" : [ {
    "name" : "parentSuite",
    "value" : "tests"
  }, {
    "name" : "suite",
    "value" : "test_exe"
  }, {
    "name" : "subSuite",
    "value" : "TestExe"
  }, {
    "name" : "host",
    "value" : "f2ac13319854"
  }, {
    "name" : "thread",
    "value" : "12-MainThread"
  }, {
    "name" : "framework",
    "value" : "pytest"
  }, {
    "name" : "language",
    "value" : "cpython3"
  }, {
    "name" : "package",
    "value" : "tests.test_exe"
  }, {
    "name" : "resultFormat",
    "value" : "allure2"
  } ],
  "parameters" : [ ],
  "links" : [ ],
  "hidden" : false,
  "retry" : false,
  "extra" : {
    "severity" : "normal",
    "retries" : [ ],
    "categories" : [ {
      "name" : "Test defects",
      "matchedStatuses" : [ ],
      "flaky" : false
    } ],
    "tags" : [ ]
  },
  "source" : "775f118fcbf08895.json",
  "parameterValues" : [ ]
}